Change component parameters: Designator = "C1"; Footprint = "C0201"; UniqueID = "\JBIMMFMF"
Change component parameters. Clean all parameters for all variants
Change component parameters (AddParameter): Name = "JLCPCBPart#"; Value = "C161494"; VariantName = "[No Variations]"
Change component parameters (AddParameter): Name = "MF"; Value = "muRata(??)"; VariantName = "[No Variations]"
Change component parameters (AddParameter): Name = "MP"; Value = "GRM033Z71A104KE14D"; VariantName = "[No Variations]"
Change component parameters (AddParameter): Name = "Package"; Value = "C0201"; VariantName = "[No Variations]"
Change component parameters: Designator = "C2"; Footprint = "C0402"; UniqueID = "\LOBYXEES"
Change component parameters. Clean all parameters for all variants
Change component parameters (AddParameter): Name = "JLCPCBPart#"; Value = "C23733"; VariantName = "[No Variations]"
Change component parameters (AddParameter): Name = "MF"; Value = "SAMSUNG(??)"; VariantName = "[No Variations]"
Change component parameters (AddParameter): Name = "MP"; Value = "CL05A475MP5NRNC"; VariantName = "[No Variations]"
Change component parameters (AddParameter): Name = "Package"; Value = "C0402"; VariantName = "[No Variations]"
Change component parameters: Designator = "C3"; Footprint = "C0201"; UniqueID = "\EAEUIMOE"
Change component parameters. Clean all parameters for all variants
Change component parameters (AddParameter): Name = "JLCPCBPart#"; Value = "C161494"; VariantName = "[No Variations]"
Change component parameters (AddParameter): Name = "MF"; Value = "muRata(??)"; VariantName = "[No Variations]"
Change component parameters (AddParameter): Name = "MP"; Value = "GRM033Z71A104KE14D"; VariantName = "[No Variations]"
Change component parameters (AddParameter): Name = "Package"; Value = "C0201"; VariantName = "[No Variations]"
Change component parameters: Designator = "C4"; Footprint = "C0201"; UniqueID = "\RTAAGGNM"
Change component parameters. Clean all parameters for all variants
Change component parameters (AddParameter): Name = "JLCPCBPart#"; Value = "C161494"; VariantName = "[No Variations]"
Change component parameters (AddParameter): Name = "MF"; Value = "muRata(??)"; VariantName = "[No Variations]"
Change component parameters (AddParameter): Name = "MP"; Value = "GRM033Z71A104KE14D"; VariantName = "[No Variations]"
Change component parameters (AddParameter): Name = "Package"; Value = "C0201"; VariantName = "[No Variations]"
Change component parameters: Designator = "C5"; Footprint = "C0201"; UniqueID = "\LAMELLPN"
Change component parameters. Clean all parameters for all variants
Change component parameters (AddParameter): Name = "JLCPCBPart#"; Value = "C161494"; VariantName = "[No Variations]"
Change component parameters (AddParameter): Name = "MF"; Value = "muRata(??)"; VariantName = "[No Variations]"
Change component parameters (AddParameter): Name = "MP"; Value = "GRM033Z71A104KE14D"; VariantName = "[No Variations]"
Change component parameters (AddParameter): Name = "Package"; Value = "C0201"; VariantName = "[No Variations]"
Change component parameters: Designator = "C6"; Footprint = "C0201"; UniqueID = "\ZLZLBIFT"
Change component parameters. Clean all parameters for all variants
Change component parameters (AddParameter): Name = "JLCPCBPart#"; Value = "C161494"; VariantName = "[No Variations]"
Change component parameters (AddParameter): Name = "MF"; Value = "muRata(??)"; VariantName = "[No Variations]"
Change component parameters (AddParameter): Name = "MP"; Value = "GRM033Z71A104KE14D"; VariantName = "[No Variations]"
Change component parameters (AddParameter): Name = "Package"; Value = "C0201"; VariantName = "[No Variations]"
Change component parameters: Designator = "C7"; Footprint = "C0402"; UniqueID = "\ZEFXTVWW"
Change component parameters. Clean all parameters for all variants
Change component parameters (AddParameter): Name = "JLCPCBPart#"; Value = "C528974"; VariantName = "[No Variations]"
Change component parameters (AddParameter): Name = "MF"; Value = "muRata(??)"; VariantName = "[No Variations]"
Change component parameters (AddParameter): Name = "MP"; Value = "GRM155Z71A105KE01D"; VariantName = "[No Variations]"
Change component parameters (AddParameter): Name = "Packag"; Value = "C0402"; VariantName = "[No Variations]"
Change component parameters: Designator = "C8"; Footprint = "C0402"; UniqueID = "\ZQRQDTQD"
Change component parameters. Clean all parameters for all variants
Change component parameters (AddParameter): Name = "JLCPCBPart#"; Value = "C528974"; VariantName = "[No Variations]"
Change component parameters (AddParameter): Name = "MF"; Value = "muRata(??)"; VariantName = "[No Variations]"
Change component parameters (AddParameter): Name = "MP"; Value = "GRM155Z71A105KE01D"; VariantName = "[No Variations]"
Change component parameters (AddParameter): Name = "Packag"; Value = "C0402"; VariantName = "[No Variations]"
Change component parameters: Designator = "C9"; Footprint = "C0201"; UniqueID = "\UWOPAIDS"
Change component parameters. Clean all parameters for all variants
Change component parameters (AddParameter): Name = "JLCPCBPart#"; Value = "C161494"; VariantName = "[No Variations]"
Change component parameters (AddParameter): Name = "MF"; Value = "muRata(??)"; VariantName = "[No Variations]"
Change component parameters (AddParameter): Name = "MP"; Value = "GRM033Z71A104KE14D"; VariantName = "[No Variations]"
Change component parameters (AddParameter): Name = "Package"; Value = "C0201"; VariantName = "[No Variations]"
Change component parameters: Designator = "C10"; Footprint = "C0201"; UniqueID = "\MLHGENIR"
Change component parameters. Clean all parameters for all variants
Change component parameters (AddParameter): Name = "JLCPCBPart#"; Value = "C161494"; VariantName = "[No Variations]"
Change component parameters (AddParameter): Name = "MF"; Value = "muRata(??)"; VariantName = "[No Variations]"
Change component parameters (AddParameter): Name = "MP"; Value = "GRM033Z71A104KE14D"; VariantName = "[No Variations]"
Change component parameters (AddParameter): Name = "Package"; Value = "C0201"; VariantName = "[No Variations]"
Change component parameters: Designator = "C11"; Footprint = "C0201"; UniqueID = "\RADXHJKM"
Change component parameters. Clean all parameters for all variants
Change component parameters (AddParameter): Name = "JLCPCBPart#"; Value = "C161494"; VariantName = "[No Variations]"
Change component parameters (AddParameter): Name = "MF"; Value = "muRata(??)"; VariantName = "[No Variations]"
Change component parameters (AddParameter): Name = "MP"; Value = "GRM033Z71A104KE14D"; VariantName = "[No Variations]"
Change component parameters (AddParameter): Name = "Package"; Value = "C0201"; VariantName = "[No Variations]"
Change component parameters: Designator = "C12"; Footprint = "C0201"; UniqueID = "\RXRYYCTU"
Change component parameters. Clean all parameters for all variants
Change component parameters (AddParameter): Name = "JLCPCBPart#"; Value = "C161494"; VariantName = "[No Variations]"
Change component parameters (AddParameter): Name = "MF"; Value = "muRata(??)"; VariantName = "[No Variations]"
Change component parameters (AddParameter): Name = "MP"; Value = "GRM033Z71A104KE14D"; VariantName = "[No Variations]"
Change component parameters (AddParameter): Name = "Package"; Value = "C0201"; VariantName = "[No Variations]"
Change component parameters: Designator = "C13"; Footprint = "C0201"; UniqueID = "\GQOBLUEF"
Change component parameters. Clean all parameters for all variants
Change component parameters (AddParameter): Name = "JLCPCBPart#"; Value = "C327151"; VariantName = "[No Variations]"
Change component parameters (AddParameter): Name = "MF"; Value = "YAGEO(??)"; VariantName = "[No Variations]"
Change component parameters (AddParameter): Name = "MP"; Value = "CC0201CRNPO9BNR80"; VariantName = "[No Variations]"
Change component parameters (AddParameter): Name = "package"; Value = "C0201"; VariantName = "[No Variations]"
Change component parameters: Designator = "C14"; Footprint = "C0201"; UniqueID = "\CGGZPAMI"
Change component parameters. Clean all parameters for all variants
Change component parameters (AddParameter): Name = "JLCPCBPart#"; Value = "C161494"; VariantName = "[No Variations]"
Change component parameters (AddParameter): Name = "MF"; Value = "muRata(??)"; VariantName = "[No Variations]"
Change component parameters (AddParameter): Name = "MP"; Value = "GRM033Z71A104KE14D"; VariantName = "[No Variations]"
Change component parameters (AddParameter): Name = "Package"; Value = "C0201"; VariantName = "[No Variations]"
Change component parameters: Designator = "C15"; Footprint = "C0402"; UniqueID = "\LRDSZDJJ"
Change component parameters. Clean all parameters for all variants
Change component parameters (AddParameter): Name = "JLCPCBPart#"; Value = "C23733"; VariantName = "[No Variations]"
Change component parameters (AddParameter): Name = "MF"; Value = "SAMSUNG(??)"; VariantName = "[No Variations]"
Change component parameters (AddParameter): Name = "MP"; Value = "CL05A475MP5NRNC"; VariantName = "[No Variations]"
Change component parameters (AddParameter): Name = "Package"; Value = "C0402"; VariantName = "[No Variations]"
Change component parameters: Designator = "C16"; Footprint = "C0603"; UniqueID = "\QOFLQYYK"
Change component parameters. Clean all parameters for all variants
Change component parameters (AddParameter): Name = "JLCPCBPart#"; Value = "C84419"; VariantName = "[No Variations]"
Change component parameters (AddParameter): Name = "MF"; Value = "muRata(??)"; VariantName = "[No Variations]"
Change component parameters (AddParameter): Name = "MP"; Value = "GRM188R61A226ME15D"; VariantName = "[No Variations]"
Change component parameters (AddParameter): Name = "Package"; Value = "C0603"; VariantName = "[No Variations]"
Change component parameters: Designator = "C17"; Footprint = "C0603"; UniqueID = "\WQPMAWAH"
Change component parameters. Clean all parameters for all variants
Change component parameters (AddParameter): Name = "JLCPCBPart#"; Value = "C84419"; VariantName = "[No Variations]"
Change component parameters (AddParameter): Name = "MF"; Value = "muRata(??)"; VariantName = "[No Variations]"
Change component parameters (AddParameter): Name = "MP"; Value = "GRM188R61A226ME15D"; VariantName = "[No Variations]"
Change component parameters (AddParameter): Name = "Package"; Value = "C0603"; VariantName = "[No Variations]"
Change component parameters: Designator = "C18"; Footprint = "C0603"; UniqueID = "\FLYNFDFB"
Change component parameters. Clean all parameters for all variants
Change component parameters (AddParameter): Name = "JLCPCBPart#"; Value = "C84419"; VariantName = "[No Variations]"
Change component parameters (AddParameter): Name = "MF"; Value = "muRata(??)"; VariantName = "[No Variations]"
Change component parameters (AddParameter): Name = "MP"; Value = "GRM188R61A226ME15D"; VariantName = "[No Variations]"
Change component parameters (AddParameter): Name = "Package"; Value = "C0603"; VariantName = "[No Variations]"
Change component parameters: Designator = "R1"; Footprint = "R0201"; UniqueID = "\XCNDXZOC"
Change component parameters. Clean all parameters for all variants
Change component parameters (AddParameter): Name = "JLCPCBPart#"; Value = "C131396"; VariantName = "[No Variations]"
Change component parameters (AddParameter): Name = "MF"; Value = "YAGEO(??)"; VariantName = "[No Variations]"
Change component parameters (AddParameter): Name = "MP"; Value = "RC0201JR-071KL"; VariantName = "[No Variations]"
Change component parameters (AddParameter): Name = "Package"; Value = "R0201"; VariantName = "[No Variations]"
Change component parameters: Designator = "R2"; Footprint = "R0201"; UniqueID = "\RJSHIEWI"
Change component parameters. Clean all parameters for all variants
Change component parameters (AddParameter): Name = "JLCPCBPart#"; Value = "C131396"; VariantName = "[No Variations]"
Change component parameters (AddParameter): Name = "MF"; Value = "YAGEO(??)"; VariantName = "[No Variations]"
Change component parameters (AddParameter): Name = "MP"; Value = "RC0201JR-071KL"; VariantName = "[No Variations]"
Change component parameters (AddParameter): Name = "Package"; Value = "R0201"; VariantName = "[No Variations]"
Change component parameters: Designator = "R3"; Footprint = "R0201"; UniqueID = "\EMEHZGKB"
Change component parameters. Clean all parameters for all variants
Change component parameters (AddParameter): Name = "JLCPCBPart#"; Value = "C131396"; VariantName = "[No Variations]"
Change component parameters (AddParameter): Name = "MF"; Value = "YAGEO(??)"; VariantName = "[No Variations]"
Change component parameters (AddParameter): Name = "MP"; Value = "RC0201JR-071KL"; VariantName = "[No Variations]"
Change component parameters (AddParameter): Name = "Package"; Value = "R0201"; VariantName = "[No Variations]"
Change component parameters: Designator = "R4"; Footprint = "R0201"; UniqueID = "\MDKRFMPL"
Change component parameters. Clean all parameters for all variants
Change component parameters (AddParameter): Name = "JLCPCBPart#"; Value = "C131396"; VariantName = "[No Variations]"
Change component parameters (AddParameter): Name = "MF"; Value = "YAGEO(??)"; VariantName = "[No Variations]"
Change component parameters (AddParameter): Name = "MP"; Value = "RC0201JR-071KL"; VariantName = "[No Variations]"
Change component parameters (AddParameter): Name = "Package"; Value = "R0201"; VariantName = "[No Variations]"
Change component parameters: Designator = "R5"; Footprint = "R0201"; UniqueID = "\XQIUDGWG"
Change component parameters. Clean all parameters for all variants
Change component parameters (AddParameter): Name = "JLCPCBPart#"; Value = "C131396"; VariantName = "[No Variations]"
Change component parameters (AddParameter): Name = "MF"; Value = "YAGEO(??)"; VariantName = "[No Variations]"
Change component parameters (AddParameter): Name = "MP"; Value = "RC0201JR-071KL"; VariantName = "[No Variations]"
Change component parameters (AddParameter): Name = "Package"; Value = "R0201"; VariantName = "[No Variations]"
Added Member To Class: ClassName=Lacrosse_Ball Member=Component Ant1 Inverted F Antenna
Added Member To Class: ClassName=Lacrosse_Ball Member=Component C16 22uF
Added Room: Name=Lacrosse_Ball
